Added Component: Designator=C1(C0805)
Added Component: Designator=C2(C0805)
Added Component: Designator=C3(C0805)
Added Component: Designator=C4(C0805)
Added Component: Designator=C5(C0805)
Added Component: Designator=R2(R0805)
Added Component: Designator=R3(R0805)
Added Component: Designator=R4(R0805)
Added Component: Designator=R5(R0805)
Added Component: Designator=R6(R0805)
Added Component: Designator=R7(R0805)
Added Component: Designator=R8(R0805)
Added Component: Designator=U4(SO8)
Added Component: Designator=U5(SOIC-8EP)
Added Component: Designator=U6(ESP32 DEVKIT V1_30pin)
Added Component: Designator=VD2(2 PIN)
Added Component: Designator=VD3(SMA(DO-214AC))
Added Component: Designator=VD4(SMA(DO-214AC))
Added Component: Designator=VD5(SMA(DO-214AC))
Added Component: Designator=VD6(SMA(DO-214AC))
Added Component: Designator=X3(VH_3PIN_F)
Added Component: Designator=X4(place 2)
Added Component: Designator=X5(place 2)
Added Pin To Net: NetName=+5V Pin=C2-2
Added Pin To Net: NetName=+5V Pin=U6-15
Added Pin To Net: NetName=+5V Pin=VD2-1
Added Pin To Net: NetName=+5V Pin=X3-2
Added Net: Name=+5V
Added Pin To Net: NetName=+15V Pin=C4-2
Added Pin To Net: NetName=+15V Pin=C5-2
Added Pin To Net: NetName=+15V Pin=U4-8
Added Pin To Net: NetName=+15V Pin=U5-8
Added Pin To Net: NetName=+15V Pin=VD3-2
Added Pin To Net: NetName=+15V Pin=VD5-2
Added Pin To Net: NetName=+15V Pin=X3-1
Added Net: Name=+15V
Added Pin To Net: NetName=GNDD Pin=C1-1
Added Pin To Net: NetName=GNDD Pin=C2-1
Added Pin To Net: NetName=GNDD Pin=C3-1
Added Pin To Net: NetName=GNDD Pin=C4-1
Added Pin To Net: NetName=GNDD Pin=C5-1
Added Pin To Net: NetName=GNDD Pin=R2-1
Added Pin To Net: NetName=GNDD Pin=R4-1
Added Pin To Net: NetName=GNDD Pin=R7-1
Added Pin To Net: NetName=GNDD Pin=U4-4
Added Pin To Net: NetName=GNDD Pin=U5-4
Added Pin To Net: NetName=GNDD Pin=U6-14
Added Pin To Net: NetName=GNDD Pin=U6-17
Added Pin To Net: NetName=GNDD Pin=VD4-1
Added Pin To Net: NetName=GNDD Pin=VD6-1
Added Pin To Net: NetName=GNDD Pin=X3-3
Added Pin To Net: NetName=GNDD Pin=X4-2
Added Pin To Net: NetName=GNDD Pin=X5-2
Added Net: Name=GNDD
Added Net: Name=GND
Added Net: Name=NetBT1_1
Added Net: Name=NetBT1_2
Added Pin To Net: NetName=NetC1_2 Pin=C1-2
Added Pin To Net: NetName=NetC1_2 Pin=R3-2
Added Pin To Net: NetName=NetC1_2 Pin=U5-3
Added Net: Name=NetC1_2
Added Pin To Net: NetName=NetC3_2 Pin=C3-2
Added Pin To Net: NetName=NetC3_2 Pin=R6-2
Added Pin To Net: NetName=NetC3_2 Pin=U5-5
Added Net: Name=NetC3_2
Added Net: Name=NetR1_2
Added Pin To Net: NetName=NetR2_2 Pin=R2-2
Added Pin To Net: NetName=NetR2_2 Pin=VD2-2
Added Net: Name=NetR2_2
Added Pin To Net: NetName=NetR3_1 Pin=R3-1
Added Pin To Net: NetName=NetR3_1 Pin=U4-1
Added Pin To Net: NetName=NetR3_1 Pin=U4-2
Added Net: Name=NetR3_1
Added Pin To Net: NetName=NetR4_2 Pin=R4-2
Added Pin To Net: NetName=NetR4_2 Pin=R5-1
Added Pin To Net: NetName=NetR4_2 Pin=U5-2
Added Net: Name=NetR4_2
Added Pin To Net: NetName=NetR5_2 Pin=R5-2
Added Pin To Net: NetName=NetR5_2 Pin=U5-1
Added Pin To Net: NetName=NetR5_2 Pin=VD3-1
Added Pin To Net: NetName=NetR5_2 Pin=VD4-2
Added Pin To Net: NetName=NetR5_2 Pin=X4-1
Added Net: Name=NetR5_2
Added Pin To Net: NetName=NetR6_1 Pin=R6-1
Added Pin To Net: NetName=NetR6_1 Pin=U4-6
Added Pin To Net: NetName=NetR6_1 Pin=U4-7
Added Net: Name=NetR6_1
Added Pin To Net: NetName=NetR7_2 Pin=R7-2
Added Pin To Net: NetName=NetR7_2 Pin=R8-1
Added Pin To Net: NetName=NetR7_2 Pin=U5-6
Added Net: Name=NetR7_2
Added Pin To Net: NetName=NetR8_2 Pin=R8-2
Added Pin To Net: NetName=NetR8_2 Pin=U5-7
Added Pin To Net: NetName=NetR8_2 Pin=VD5-1
Added Pin To Net: NetName=NetR8_2 Pin=VD6-2
Added Pin To Net: NetName=NetR8_2 Pin=X5-1
Added Net: Name=NetR8_2
Added Net: Name=NetSW1_1
Added Net: Name=NetSW1_2
Added Net: Name=NetU1_1
Added Net: Name=NetU1_2
Added Net: Name=NetU2_4
Added Net: Name=NetU3_4
Added Pin To Net: NetName=NetU4_3 Pin=U4-3
Added Pin To Net: NetName=NetU4_3 Pin=U6-8
Added Net: Name=NetU4_3
Added Pin To Net: NetName=NetU4_5 Pin=U4-5
Added Pin To Net: NetName=NetU4_5 Pin=U6-9
Added Net: Name=NetU4_5
Added Class: Name=sch power
